Detecting C [-std=c11] compiler features failed to compile with the following output:
Change Dir: /home/jeunghwankim/Algo/Algorithm/APSS/CHAP#20/JAEHASAFE/cmake-build-debug/CMakeFiles/CMakeTmp

Run Build Command:"/usr/bin/make" "cmTC_57fe3/fast"
/usr/bin/make -f CMakeFiles/cmTC_57fe3.dir/build.make CMakeFiles/cmTC_57fe3.dir/build
make[1]: 디렉터리 '/home/jeunghwankim/Algo/Algorithm/APSS/CHAP#20/JAEHASAFE/cmake-build-debug/CMakeFiles/CMakeTmp' 들어감
make[1]: *** 'CMakeFiles/cmTC_57fe3.dir/feature_tests.c.o'에서 필요한 '/home/jeunghwankim/Algo/Algorithm/APSS/CHAP' 타겟을 만들 규칙이 없습니다.  멈춤.
make[1]: 디렉터리 '/home/jeunghwankim/Algo/Algorithm/APSS/CHAP#20/JAEHASAFE/cmake-build-debug/CMakeFiles/CMakeTmp' 나감
Makefile:121: recipe for target 'cmTC_57fe3/fast' failed
make: *** [cmTC_57fe3/fast] Error 2



Detecting CXX [-std=c++1z] compiler features failed to compile with the following output:
Change Dir: /home/jeunghwankim/Algo/Algorithm/APSS/CHAP#20/JAEHASAFE/cmake-build-debug/CMakeFiles/CMakeTmp

Run Build Command:"/usr/bin/make" "cmTC_a57bc/fast"
/usr/bin/make -f CMakeFiles/cmTC_a57bc.dir/build.make CMakeFiles/cmTC_a57bc.dir/build
make[1]: 디렉터리 '/home/jeunghwankim/Algo/Algorithm/APSS/CHAP#20/JAEHASAFE/cmake-build-debug/CMakeFiles/CMakeTmp' 들어감
make[1]: *** 'CMakeFiles/cmTC_a57bc.dir/feature_tests.cxx.o'에서 필요한 '/home/jeunghwankim/Algo/Algorithm/APSS/CHAP' 타겟을 만들 규칙이 없습니다.  멈춤.
make[1]: 디렉터리 '/home/jeunghwankim/Algo/Algorithm/APSS/CHAP#20/JAEHASAFE/cmake-build-debug/CMakeFiles/CMakeTmp' 나감
Makefile:121: recipe for target 'cmTC_a57bc/fast' failed
make: *** [cmTC_a57bc/fast] Error 2



