Detecting C [-std=c11] compiler features failed to compile with the following output:
Change Dir: /home/jeunghwankim/CLionProjects/Algo_ss/CHAP#9/RESTORE/cmake-build-debug/CMakeFiles/CMakeTmp

Run Build Command:"/usr/bin/make" "cmTC_4c0ae/fast"
/usr/bin/make -f CMakeFiles/cmTC_4c0ae.dir/build.make CMakeFiles/cmTC_4c0ae.dir/build
make[1]: 디렉터리 '/home/jeunghwankim/CLionProjects/Algo_ss/CHAP#9/RESTORE/cmake-build-debug/CMakeFiles/CMakeTmp' 들어감
make[1]: *** 'CMakeFiles/cmTC_4c0ae.dir/feature_tests.c.o'에서 필요한 '/home/jeunghwankim/CLionProjects/Algo_ss/CHAP' 타겟을 만들 규칙이 없습니다.  멈춤.
make[1]: 디렉터리 '/home/jeunghwankim/CLionProjects/Algo_ss/CHAP#9/RESTORE/cmake-build-debug/CMakeFiles/CMakeTmp' 나감
Makefile:126: 'cmTC_4c0ae/fast' 타겟에 대한 명령이 실패했습니다
make: *** [cmTC_4c0ae/fast] 오류 2



Detecting CXX [-std=c++1z] compiler features failed to compile with the following output:
Change Dir: /home/jeunghwankim/CLionProjects/Algo_ss/CHAP#9/RESTORE/cmake-build-debug/CMakeFiles/CMakeTmp

Run Build Command:"/usr/bin/make" "cmTC_f1654/fast"
/usr/bin/make -f CMakeFiles/cmTC_f1654.dir/build.make CMakeFiles/cmTC_f1654.dir/build
make[1]: 디렉터리 '/home/jeunghwankim/CLionProjects/Algo_ss/CHAP#9/RESTORE/cmake-build-debug/CMakeFiles/CMakeTmp' 들어감
make[1]: *** 'CMakeFiles/cmTC_f1654.dir/feature_tests.cxx.o'에서 필요한 '/home/jeunghwankim/CLionProjects/Algo_ss/CHAP' 타겟을 만들 규칙이 없습니다.  멈춤.
make[1]: 디렉터리 '/home/jeunghwankim/CLionProjects/Algo_ss/CHAP#9/RESTORE/cmake-build-debug/CMakeFiles/CMakeTmp' 나감
Makefile:126: 'cmTC_f1654/fast' 타겟에 대한 명령이 실패했습니다
make: *** [cmTC_f1654/fast] 오류 2



