Detecting C [-std=c11] compiler features failed to compile with the following output:
Change Dir: /home/jeunghwankim/CLionProjects/Algo_ss/CHAP#9/MORSE/cmake-build-debug/CMakeFiles/CMakeTmp

Run Build Command:"/usr/bin/make" "cmTC_d56d7/fast"
/usr/bin/make -f CMakeFiles/cmTC_d56d7.dir/build.make CMakeFiles/cmTC_d56d7.dir/build
make[1]: 디렉터리 '/home/jeunghwankim/CLionProjects/Algo_ss/CHAP#9/MORSE/cmake-build-debug/CMakeFiles/CMakeTmp' 들어감
make[1]: *** 'CMakeFiles/cmTC_d56d7.dir/feature_tests.c.o'에서 필요한 '/home/jeunghwankim/CLionProjects/Algo_ss/CHAP' 타겟을 만들 규칙이 없습니다.  멈춤.
make[1]: 디렉터리 '/home/jeunghwankim/CLionProjects/Algo_ss/CHAP#9/MORSE/cmake-build-debug/CMakeFiles/CMakeTmp' 나감
Makefile:126: 'cmTC_d56d7/fast' 타겟에 대한 명령이 실패했습니다
make: *** [cmTC_d56d7/fast] 오류 2



Detecting CXX [-std=c++1z] compiler features failed to compile with the following output:
Change Dir: /home/jeunghwankim/CLionProjects/Algo_ss/CHAP#9/MORSE/cmake-build-debug/CMakeFiles/CMakeTmp

Run Build Command:"/usr/bin/make" "cmTC_c3a22/fast"
/usr/bin/make -f CMakeFiles/cmTC_c3a22.dir/build.make CMakeFiles/cmTC_c3a22.dir/build
make[1]: 디렉터리 '/home/jeunghwankim/CLionProjects/Algo_ss/CHAP#9/MORSE/cmake-build-debug/CMakeFiles/CMakeTmp' 들어감
make[1]: *** 'CMakeFiles/cmTC_c3a22.dir/feature_tests.cxx.o'에서 필요한 '/home/jeunghwankim/CLionProjects/Algo_ss/CHAP' 타겟을 만들 규칙이 없습니다.  멈춤.
make[1]: 디렉터리 '/home/jeunghwankim/CLionProjects/Algo_ss/CHAP#9/MORSE/cmake-build-debug/CMakeFiles/CMakeTmp' 나감
Makefile:126: 'cmTC_c3a22/fast' 타겟에 대한 명령이 실패했습니다
make: *** [cmTC_c3a22/fast] 오류 2



