Detecting C [-std=c11] compiler features failed to compile with the following output:
Change Dir: /home/jeunghwankim/Algo/Algorithm/APSS/CHAP#21/TRAVERSAL/cmake-build-debug/CMakeFiles/CMakeTmp

Run Build Command:"/usr/bin/make" "cmTC_f4e28/fast"
/usr/bin/make -f CMakeFiles/cmTC_f4e28.dir/build.make CMakeFiles/cmTC_f4e28.dir/build
make[1]: 디렉터리 '/home/jeunghwankim/Algo/Algorithm/APSS/CHAP#21/TRAVERSAL/cmake-build-debug/CMakeFiles/CMakeTmp' 들어감
make[1]: *** 'CMakeFiles/cmTC_f4e28.dir/feature_tests.c.o'에서 필요한 '/home/jeunghwankim/Algo/Algorithm/APSS/CHAP' 타겟을 만들 규칙이 없습니다.  멈춤.
make[1]: 디렉터리 '/home/jeunghwankim/Algo/Algorithm/APSS/CHAP#21/TRAVERSAL/cmake-build-debug/CMakeFiles/CMakeTmp' 나감
Makefile:121: recipe for target 'cmTC_f4e28/fast' failed
make: *** [cmTC_f4e28/fast] Error 2



Detecting CXX [-std=c++1z] compiler features failed to compile with the following output:
Change Dir: /home/jeunghwankim/Algo/Algorithm/APSS/CHAP#21/TRAVERSAL/cmake-build-debug/CMakeFiles/CMakeTmp

Run Build Command:"/usr/bin/make" "cmTC_8397b/fast"
/usr/bin/make -f CMakeFiles/cmTC_8397b.dir/build.make CMakeFiles/cmTC_8397b.dir/build
make[1]: 디렉터리 '/home/jeunghwankim/Algo/Algorithm/APSS/CHAP#21/TRAVERSAL/cmake-build-debug/CMakeFiles/CMakeTmp' 들어감
make[1]: *** 'CMakeFiles/cmTC_8397b.dir/feature_tests.cxx.o'에서 필요한 '/home/jeunghwankim/Algo/Algorithm/APSS/CHAP' 타겟을 만들 규칙이 없습니다.  멈춤.
make[1]: 디렉터리 '/home/jeunghwankim/Algo/Algorithm/APSS/CHAP#21/TRAVERSAL/cmake-build-debug/CMakeFiles/CMakeTmp' 나감
Makefile:121: recipe for target 'cmTC_8397b/fast' failed
make: *** [cmTC_8397b/fast] Error 2



